Determining if the pthread_create exist failed with the following output:
Change Dir: /home/netlabs/mydev/magnum-vr-examples/cmake-build-debug/CMakeFiles/CMakeTmp

Run Build Command(s):/usr/bin/make cmTC_6a75a/fast 
/usr/bin/make -f CMakeFiles/cmTC_6a75a.dir/build.make CMakeFiles/cmTC_6a75a.dir/build
make[1]: Entering directory '/home/netlabs/mydev/magnum-vr-examples/cmake-build-debug/CMakeFiles/CMakeTmp'
Building C object CMakeFiles/cmTC_6a75a.dir/CheckSymbolExists.c.o
/usr/bin/cc    -o CMakeFiles/cmTC_6a75a.dir/CheckSymbolExists.c.o   -c /home/netlabs/mydev/magnum-vr-examples/cmake-build-debug/CMakeFiles/CMakeTmp/CheckSymbolExists.c
Linking C executable cmTC_6a75a
/home/netlabs/.local/share/JetBrains/Toolbox/apps/CLion/ch-0/192.5728.100/bin/cmake/linux/bin/cmake -E cmake_link_script CMakeFiles/cmTC_6a75a.dir/link.txt --verbose=1
/usr/bin/cc       -rdynamic CMakeFiles/cmTC_6a75a.dir/CheckSymbolExists.c.o  -o cmTC_6a75a 
CMakeFiles/cmTC_6a75a.dir/CheckSymbolExists.c.o: In function `main':
CheckSymbolExists.c:(.text+0x1b): undefined reference to `pthread_create'
collect2: error: ld returned 1 exit status
CMakeFiles/cmTC_6a75a.dir/build.make:86: recipe for target 'cmTC_6a75a' failed
make[1]: *** [cmTC_6a75a] Error 1
make[1]: Leaving directory '/home/netlabs/mydev/magnum-vr-examples/cmake-build-debug/CMakeFiles/CMakeTmp'
Makefile:121: recipe for target 'cmTC_6a75a/fast' failed
make: *** [cmTC_6a75a/fast] Error 2

File /home/netlabs/mydev/magnum-vr-examples/cmake-build-debug/CMakeFiles/CMakeTmp/CheckSymbolExists.c:
/* */
#include <pthread.h>

int main(int argc, char** argv)
{
  (void)argv;
#ifndef pthread_create
  return ((int*)(&pthread_create))[argc];
#else
  (void)argc;
  return 0;
#endif
}

Determining if the function pthread_create exists in the pthreads failed with the following output:
Change Dir: /home/netlabs/mydev/magnum-vr-examples/cmake-build-debug/CMakeFiles/CMakeTmp

Run Build Command(s):/usr/bin/make cmTC_7556a/fast 
/usr/bin/make -f CMakeFiles/cmTC_7556a.dir/build.make CMakeFiles/cmTC_7556a.dir/build
make[1]: Entering directory '/home/netlabs/mydev/magnum-vr-examples/cmake-build-debug/CMakeFiles/CMakeTmp'
Building C object CMakeFiles/cmTC_7556a.dir/CheckFunctionExists.c.o
/usr/bin/cc   -DCHECK_FUNCTION_EXISTS=pthread_create   -o CMakeFiles/cmTC_7556a.dir/CheckFunctionExists.c.o   -c /home/netlabs/.local/share/JetBrains/Toolbox/apps/CLion/ch-0/192.5728.100/bin/cmake/linux/share/cmake-3.14/Modules/CheckFunctionExists.c
Linking C executable cmTC_7556a
/home/netlabs/.local/share/JetBrains/Toolbox/apps/CLion/ch-0/192.5728.100/bin/cmake/linux/bin/cmake -E cmake_link_script CMakeFiles/cmTC_7556a.dir/link.txt --verbose=1
/usr/bin/cc   -DCHECK_FUNCTION_EXISTS=pthread_create    -rdynamic CMakeFiles/cmTC_7556a.dir/CheckFunctionExists.c.o  -o cmTC_7556a -lpthreads 
/usr/bin/ld: cannot find -lpthreads
collect2: error: ld returned 1 exit status
CMakeFiles/cmTC_7556a.dir/build.make:86: recipe for target 'cmTC_7556a' failed
make[1]: *** [cmTC_7556a] Error 1
make[1]: Leaving directory '/home/netlabs/mydev/magnum-vr-examples/cmake-build-debug/CMakeFiles/CMakeTmp'
Makefile:121: recipe for target 'cmTC_7556a/fast' failed
make: *** [cmTC_7556a/fast] Error 2


